[2025-09-15 06:40:41] [INFO ] Log - Starting WebDriver...
[2025-09-15 06:40:55] [INFO ] Log - Popup is visible. Closing...
[2025-09-15 06:41:05] [INFO ] Log - Closing Browser...
[2025-09-15 06:44:42] [INFO ] Log - Starting WebDriver...
[2025-09-15 06:45:27] [INFO ] Log - Popup is visible. Closing...
[2025-09-15 06:45:29] [INFO ] Log - Closing Browser...
[2025-09-15 06:50:38] [INFO ] Log - Starting WebDriver...
[2025-09-15 06:50:54] [INFO ] Log - Popup is visible. Closing...
[2025-09-15 06:50:57] [INFO ] Log - Closing Browser...
[2025-09-15 06:57:18] [INFO ] Log - Starting WebDriver...
[2025-09-15 06:58:52] [INFO ] Log - Selecting Department: Jackets
[2025-09-15 06:58:52] [INFO ] Log - Found Department: Jackets
[2025-09-15 06:59:13] [INFO ] Log - Closing Browser...
[2025-09-15 07:07:12] [INFO ] Log - Starting WebDriver...
[2025-09-15 07:08:42] [INFO ] Log - Selecting Department: Jackets
[2025-09-15 07:08:43] [INFO ] Log - Found Department: Jackets
[2025-09-15 07:08:49] [INFO ] Log - Closing Browser...
[2025-09-15 07:10:54] [INFO ] Log - Starting WebDriver...
[2025-09-15 07:12:23] [INFO ] Log - Selecting Department: Jackets
[2025-09-15 07:12:23] [INFO ] Log - Found Department: Jackets
[2025-09-15 07:12:45] [INFO ] Log - Closing Browser...
[2025-09-15 07:16:50] [INFO ] Log - Starting WebDriver...
[2025-09-15 07:18:12] [INFO ] Log - Selecting Department: Jackets
[2025-09-15 07:18:12] [INFO ] Log - Found Department: Jackets
[2025-09-15 07:18:17] [INFO ] Log - Closing Browser...
[2025-09-15 07:19:31] [INFO ] Log - Starting WebDriver...
[2025-09-15 07:20:15] [INFO ] Log - Closing Browser...
[2025-09-15 07:21:08] [INFO ] Log - Starting WebDriver...
[2025-09-15 07:22:56] [INFO ] Log - Selecting Department: Jackets
[2025-09-15 07:22:56] [INFO ] Log - Found Department: Jackets
[2025-09-15 07:23:17] [INFO ] Log - Closing Browser...
[2025-09-15 07:31:36] [INFO ] Log - Starting WebDriver...
[2025-09-15 07:33:30] [INFO ] Log - Selecting Department: Jackets
[2025-09-15 07:33:30] [INFO ] Log - Found Department: Jackets
[2025-09-15 07:33:30] [INFO ] Log - Waiting for element to be visible: [[ChromeDriver: chrome on windows (414234e79e4defe0513f61ea5ac0fea5)] -> xpath: //div[@data-trk-id='all-departments-boxes']/descendant::ul/li/a]
[2025-09-15 07:33:35] [INFO ] Log - Closing Browser...
[2025-09-15 07:36:24] [INFO ] Log - Starting WebDriver...
[2025-09-15 07:37:48] [INFO ] Log - Selecting Department: Jackets
[2025-09-15 07:37:48] [INFO ] Log - Found Department: Jackets
[2025-09-15 07:37:48] [INFO ] Log - Waiting for element to be visible: [[ChromeDriver: chrome on windows (3eea020e3816eef30849b4527a6982b0)] -> xpath: //div[@data-trk-id='all-departments-boxes']/descendant::ul/li/a]
[2025-09-15 07:37:59] [INFO ] Log - Closing Browser...
[2025-09-15 07:45:05] [INFO ] Log - Starting WebDriver...
[2025-09-15 07:46:38] [INFO ] Log - Selecting Department: Jackets
[2025-09-15 07:46:39] [INFO ] Log - Found Department: Jackets
[2025-09-15 07:46:39] [INFO ] Log - Waiting for element to be visible: [[ChromeDriver: chrome on windows (feabc061ac6c01a329c2695ee1dc26bf)] -> xpath: //div[@data-trk-id='all-departments-boxes']/descendant::ul/li/a]
[2025-09-15 07:46:42] [INFO ] Log - Getting Product Data...
[2025-09-15 07:46:42] [INFO ] Log - Product Count: 72
[2025-09-15 07:46:42] [INFO ] Log - Product Name List Size: 72
[2025-09-15 07:46:42] [INFO ] Log - Product Price List Size: 11
[2025-09-15 07:46:45] [INFO ] Log - Closing Browser...
[2025-09-15 08:03:59] [INFO ] Log - Starting WebDriver...
[2025-09-15 08:05:52] [INFO ] Log - Closing Browser...
[2025-09-15 08:06:39] [INFO ] Log - Starting WebDriver...
[2025-09-15 08:08:22] [INFO ] Log - Selecting Department: Jackets
[2025-09-15 08:08:22] [INFO ] Log - Found Department: Jackets
[2025-09-15 08:08:22] [INFO ] Log - Waiting for element to be visible: [[ChromeDriver: chrome on windows (5d23e50434cc628fde865e3ff66c298c)] -> xpath: //div[@data-trk-id='all-departments-boxes']/descendant::ul/li/a]
[2025-09-15 08:08:25] [INFO ] Log - Getting Product Data...
[2025-09-15 08:08:26] [INFO ] Log - Product Count: 72
[2025-09-15 08:08:26] [INFO ] Log - Product Name List Size: 72
[2025-09-15 08:08:26] [INFO ] Log - Product Price List Size: 72
[2025-09-15 08:08:41] [INFO ] Log - Waiting for element to be visible: [[ChromeDriver: chrome on windows (5d23e50434cc628fde865e3ff66c298c)] -> xpath: //input[@id='typeahead-input-desktop']]
[2025-09-15 08:08:41] [INFO ] Log - Getting Product Data...
[2025-09-15 08:08:41] [INFO ] Log - Product Count: 72
[2025-09-15 08:08:41] [INFO ] Log - Product Name List Size: 72
[2025-09-15 08:08:41] [INFO ] Log - Product Price List Size: 72
[2025-09-15 08:08:54] [INFO ] Log - Waiting for element to be visible: [[ChromeDriver: chrome on windows (5d23e50434cc628fde865e3ff66c298c)] -> xpath: //input[@id='typeahead-input-desktop']]
[2025-09-15 08:08:54] [INFO ] Log - Getting Product Data...
[2025-09-15 08:08:54] [INFO ] Log - Product Count: 72
[2025-09-15 08:08:54] [INFO ] Log - Product Name List Size: 72
[2025-09-15 08:08:54] [INFO ] Log - Product Price List Size: 72
[2025-09-15 08:09:06] [INFO ] Log - Waiting for element to be visible: [[ChromeDriver: chrome on windows (5d23e50434cc628fde865e3ff66c298c)] -> xpath: //input[@id='typeahead-input-desktop']]
[2025-09-15 08:09:06] [INFO ] Log - Getting Product Data...
[2025-09-15 08:09:06] [INFO ] Log - Product Count: 29
[2025-09-15 08:09:06] [INFO ] Log - Product Name List Size: 29
[2025-09-15 08:09:06] [INFO ] Log - Product Price List Size: 29
[2025-09-15 08:09:09] [INFO ] Log - Closing Browser...
[2025-09-15 08:22:41] [INFO ] Log - Starting WebDriver...
[2025-09-15 08:24:24] [INFO ] Log - Selecting Department: Jackets
[2025-09-15 08:24:25] [INFO ] Log - Found Department: Jackets
[2025-09-15 08:24:25] [INFO ] Log - Waiting for element to be visible: [[ChromeDriver: chrome on windows (36c8e036304d5e72b00d053f3ac5c78b)] -> xpath: //div[@data-trk-id='all-departments-boxes']/descendant::ul/li/a]
[2025-09-15 08:24:29] [INFO ] Log - Getting Product Data...
[2025-09-15 08:24:29] [INFO ] Log - Product Count: 72
[2025-09-15 08:24:29] [INFO ] Log - Product Name List Size: 72
[2025-09-15 08:24:29] [INFO ] Log - Product Price List Size: 72
[2025-09-15 08:24:50] [INFO ] Log - Waiting for element to be visible: [[ChromeDriver: chrome on windows (36c8e036304d5e72b00d053f3ac5c78b)] -> xpath: //input[@id='typeahead-input-desktop']]
[2025-09-15 08:24:50] [INFO ] Log - Getting Product Data...
[2025-09-15 08:24:50] [INFO ] Log - Product Count: 72
[2025-09-15 08:24:50] [INFO ] Log - Product Name List Size: 72
[2025-09-15 08:24:51] [INFO ] Log - Product Price List Size: 72
[2025-09-15 08:25:04] [INFO ] Log - Waiting for element to be visible: [[ChromeDriver: chrome on windows (36c8e036304d5e72b00d053f3ac5c78b)] -> xpath: //input[@id='typeahead-input-desktop']]
[2025-09-15 08:25:04] [INFO ] Log - Getting Product Data...
[2025-09-15 08:25:04] [INFO ] Log - Product Count: 72
[2025-09-15 08:25:04] [INFO ] Log - Product Name List Size: 72
[2025-09-15 08:25:04] [INFO ] Log - Product Price List Size: 72
[2025-09-15 08:25:16] [INFO ] Log - Waiting for element to be visible: [[ChromeDriver: chrome on windows (36c8e036304d5e72b00d053f3ac5c78b)] -> xpath: //input[@id='typeahead-input-desktop']]
[2025-09-15 08:25:16] [INFO ] Log - Getting Product Data...
[2025-09-15 08:25:16] [INFO ] Log - Product Count: 29
[2025-09-15 08:25:16] [INFO ] Log - Product Name List Size: 29
[2025-09-15 08:25:16] [INFO ] Log - Product Price List Size: 29
[2025-09-15 08:25:19] [INFO ] Log - Closing Browser...
[2025-09-15 08:34:51] [INFO ] Log - Starting WebDriver...
[2025-09-15 08:36:25] [INFO ] Log - Selecting Department: Jackets
[2025-09-15 08:36:25] [INFO ] Log - Found Department: Jackets
[2025-09-15 08:36:25] [INFO ] Log - Waiting for element to be visible: [[ChromeDriver: chrome on windows (9119830609710ab07dc9afc3e25ea16e)] -> xpath: //div[@data-trk-id='all-departments-boxes']/descendant::ul/li/a]
[2025-09-15 08:36:29] [INFO ] Log - Getting Product Data...
[2025-09-15 08:36:29] [INFO ] Log - Product Count: 72
[2025-09-15 08:36:29] [INFO ] Log - Product Name List Size: 72
[2025-09-15 08:36:29] [INFO ] Log - Product Price List Size: 72
[2025-09-15 08:36:39] [INFO ] Log - Waiting for element to be visible: [[ChromeDriver: chrome on windows (9119830609710ab07dc9afc3e25ea16e)] -> xpath: //input[@id='typeahead-input-desktop']]
[2025-09-15 08:36:39] [INFO ] Log - Getting Product Data...
[2025-09-15 08:36:39] [INFO ] Log - Product Count: 72
[2025-09-15 08:36:39] [INFO ] Log - Product Name List Size: 72
[2025-09-15 08:36:39] [INFO ] Log - Product Price List Size: 72
[2025-09-15 08:36:49] [INFO ] Log - Waiting for element to be visible: [[ChromeDriver: chrome on windows (9119830609710ab07dc9afc3e25ea16e)] -> xpath: //input[@id='typeahead-input-desktop']]
[2025-09-15 08:36:49] [INFO ] Log - Getting Product Data...
[2025-09-15 08:36:49] [INFO ] Log - Product Count: 72
[2025-09-15 08:36:49] [INFO ] Log - Product Name List Size: 72
[2025-09-15 08:36:49] [INFO ] Log - Product Price List Size: 72
[2025-09-15 08:36:58] [INFO ] Log - Waiting for element to be visible: [[ChromeDriver: chrome on windows (9119830609710ab07dc9afc3e25ea16e)] -> xpath: //input[@id='typeahead-input-desktop']]
[2025-09-15 08:36:58] [INFO ] Log - Getting Product Data...
[2025-09-15 08:36:58] [INFO ] Log - Product Count: 29
[2025-09-15 08:36:58] [INFO ] Log - Product Name List Size: 29
[2025-09-15 08:36:58] [INFO ] Log - Product Price List Size: 29
[2025-09-15 08:37:01] [INFO ] Log - Closing Browser...
[2025-09-15 08:39:08] [INFO ] Log - Starting WebDriver...
[2025-09-15 08:40:35] [INFO ] Log - Selecting Department: Jackets
[2025-09-15 08:40:35] [INFO ] Log - Found Department: Jackets
[2025-09-15 08:40:35] [INFO ] Log - Waiting for element to be visible: [[ChromeDriver: chrome on windows (9459a2f6cd79147cb48bab7b1e9c4155)] -> xpath: //div[@data-trk-id='all-departments-boxes']/descendant::ul/li/a]
[2025-09-15 08:40:38] [INFO ] Log - Getting Product Data...
[2025-09-15 08:40:38] [INFO ] Log - Product Count: 72
[2025-09-15 08:40:38] [INFO ] Log - Product Name List Size: 72
[2025-09-15 08:40:38] [INFO ] Log - Product Price List Size: 72
[2025-09-15 08:40:47] [INFO ] Log - Waiting for element to be visible: [[ChromeDriver: chrome on windows (9459a2f6cd79147cb48bab7b1e9c4155)] -> xpath: //input[@id='typeahead-input-desktop']]
[2025-09-15 08:40:47] [INFO ] Log - Getting Product Data...
[2025-09-15 08:40:47] [INFO ] Log - Product Count: 72
[2025-09-15 08:40:47] [INFO ] Log - Product Name List Size: 72
[2025-09-15 08:40:47] [INFO ] Log - Product Price List Size: 72
[2025-09-15 08:40:54] [INFO ] Log - Waiting for element to be visible: [[ChromeDriver: chrome on windows (9459a2f6cd79147cb48bab7b1e9c4155)] -> xpath: //input[@id='typeahead-input-desktop']]
[2025-09-15 08:40:54] [INFO ] Log - Getting Product Data...
[2025-09-15 08:40:55] [INFO ] Log - Product Count: 72
[2025-09-15 08:40:55] [INFO ] Log - Product Name List Size: 72
[2025-09-15 08:40:55] [INFO ] Log - Product Price List Size: 72
[2025-09-15 08:41:02] [INFO ] Log - Waiting for element to be visible: [[ChromeDriver: chrome on windows (9459a2f6cd79147cb48bab7b1e9c4155)] -> xpath: //input[@id='typeahead-input-desktop']]
[2025-09-15 08:41:02] [INFO ] Log - Getting Product Data...
[2025-09-15 08:41:02] [INFO ] Log - Product Count: 29
[2025-09-15 08:41:02] [INFO ] Log - Product Name List Size: 29
[2025-09-15 08:41:02] [INFO ] Log - Product Price List Size: 29
[2025-09-15 08:41:05] [INFO ] Log - Closing Browser...
[2025-09-15 08:43:45] [INFO ] Log - Starting WebDriver...
[2025-09-15 08:45:15] [INFO ] Log - Selecting Department: Jackets
[2025-09-15 08:45:16] [INFO ] Log - Found Department: Jackets
[2025-09-15 08:45:16] [INFO ] Log - Waiting for element to be visible: [[ChromeDriver: chrome on windows (0b4927ba062ceed5ad4337f12d2ef8b9)] -> xpath: //div[@data-trk-id='all-departments-boxes']/descendant::ul/li/a]
[2025-09-15 08:45:19] [INFO ] Log - Getting Product Data...
[2025-09-15 08:45:19] [INFO ] Log - Product Count: 72
[2025-09-15 08:45:19] [INFO ] Log - Product Name List Size: 72
[2025-09-15 08:45:19] [INFO ] Log - Product Price List Size: 72
[2025-09-15 08:45:30] [INFO ] Log - Waiting for element to be visible: [[ChromeDriver: chrome on windows (0b4927ba062ceed5ad4337f12d2ef8b9)] -> xpath: //input[@id='typeahead-input-desktop']]
[2025-09-15 08:45:30] [INFO ] Log - Getting Product Data...
[2025-09-15 08:45:30] [INFO ] Log - Product Count: 72
[2025-09-15 08:45:30] [INFO ] Log - Product Name List Size: 72
[2025-09-15 08:45:30] [INFO ] Log - Product Price List Size: 72
[2025-09-15 08:45:39] [INFO ] Log - Waiting for element to be visible: [[ChromeDriver: chrome on windows (0b4927ba062ceed5ad4337f12d2ef8b9)] -> xpath: //input[@id='typeahead-input-desktop']]
[2025-09-15 08:45:39] [INFO ] Log - Getting Product Data...
[2025-09-15 08:45:39] [INFO ] Log - Product Count: 72
[2025-09-15 08:45:39] [INFO ] Log - Product Name List Size: 72
[2025-09-15 08:45:39] [INFO ] Log - Product Price List Size: 72
[2025-09-15 08:45:47] [INFO ] Log - Waiting for element to be visible: [[ChromeDriver: chrome on windows (0b4927ba062ceed5ad4337f12d2ef8b9)] -> xpath: //input[@id='typeahead-input-desktop']]
[2025-09-15 08:45:47] [INFO ] Log - Getting Product Data...
[2025-09-15 08:45:47] [INFO ] Log - Product Count: 29
[2025-09-15 08:45:47] [INFO ] Log - Product Name List Size: 29
[2025-09-15 08:45:47] [INFO ] Log - Product Price List Size: 29
[2025-09-15 08:45:50] [INFO ] Log - Closing Browser...
